2024-06-14T01:03:01.980+07:00  INFO 20900 --- [restartedMain] c.e.w.WebBookStoreBeApplication          : Starting WebBookStoreBeApplication using Java 17.0.8.1 with PID 20900 (D:\code\ReactJS\web_reactJs\bookStore-master\BookStore_BE\target\classes started by Admin in D:\code\ReactJS\web_reactJs\bookStore-master\BookStore_BE)
2024-06-14T01:03:01.981+07:00  INFO 20900 --- [restartedMain] c.e.w.WebBookStoreBeApplication          : No active profile set, falling back to 1 default profile: "default"
2024-06-14T01:03:02.248+07:00  INFO 20900 --- [restartedMain] .s.d.r.c.RepositoryConfigurationDelegate : Bootstrapping Spring Data JPA repositories in DEFAULT mode.
2024-06-14T01:03:02.312+07:00  INFO 20900 --- [restartedMain] .s.d.r.c.RepositoryConfigurationDelegate : Finished Spring Data repository scanning in 62 ms. Found 13 JPA repository interfaces.
2024-06-14T01:03:02.513+07:00  INFO 20900 --- [restartedMain] o.s.b.w.embedded.tomcat.TomcatWebServer  : Tomcat initialized with port(s): 8080 (http)
2024-06-14T01:03:02.514+07:00  INFO 20900 --- [restartedMain] o.apache.catalina.core.StandardService   : Starting service [Tomcat]
2024-06-14T01:03:02.515+07:00  INFO 20900 --- [restartedMain] o.apache.catalina.core.StandardEngine    : Starting Servlet engine: [Apache Tomcat/10.1.12]
2024-06-14T01:03:02.555+07:00  INFO 20900 --- [restartedMain] o.a.c.c.C.[.[localhost].[/bookstore]     : Initializing Spring embedded WebApplicationContext
2024-06-14T01:03:02.555+07:00  INFO 20900 --- [restartedMain] w.s.c.ServletWebServerApplicationContext : Root WebApplicationContext: initialization completed in 571 ms
2024-06-14T01:03:02.624+07:00  INFO 20900 --- [restartedMain] com.zaxxer.hikari.HikariDataSource       : HikariPool-3 - Starting...
2024-06-14T01:03:02.644+07:00  INFO 20900 --- [restartedMain] com.zaxxer.hikari.pool.HikariPool        : HikariPool-3 - Added connection com.mysql.cj.jdbc.ConnectionImpl@60f96be2
2024-06-14T01:03:02.645+07:00  INFO 20900 --- [restartedMain] com.zaxxer.hikari.HikariDataSource       : HikariPool-3 - Start completed.
2024-06-14T01:03:02.647+07:00  INFO 20900 --- [restartedMain] o.hibernate.jpa.internal.util.LogHelper  : HHH000204: Processing PersistenceUnitInfo [name: default]
2024-06-14T01:03:02.660+07:00  INFO 20900 --- [restartedMain] o.h.b.i.BytecodeProviderInitiator        : HHH000021: Bytecode provider name : bytebuddy
2024-06-14T01:03:02.661+07:00  INFO 20900 --- [restartedMain] o.s.o.j.p.SpringPersistenceUnitInfo      : No LoadTimeWeaver setup: ignoring JPA class transformer
2024-06-14T01:03:02.663+07:00  WARN 20900 --- [restartedMain] org.hibernate.orm.deprecation            : HHH90000026: MySQL8Dialect has been deprecated; use org.hibernate.dialect.MySQLDialect instead
2024-06-14T01:03:02.802+07:00  INFO 20900 --- [restartedMain] o.h.b.i.BytecodeProviderInitiator        : HHH000021: Bytecode provider name : bytebuddy
2024-06-14T01:03:03.097+07:00  INFO 20900 --- [restartedMain] o.h.e.t.j.p.i.JtaPlatformInitiator       : HHH000490: Using JtaPlatform implementation: [org.hibernate.engine.transaction.jta.platform.internal.NoJtaPlatform]
2024-06-14T01:03:03.563+07:00  INFO 20900 --- [restartedMain] j.LocalContainerEntityManagerFactoryBean : Initialized JPA EntityManagerFactory for persistence unit 'default'
2024-06-14T01:03:03.913+07:00  WARN 20900 --- [restartedMain] JpaBaseConfiguration$JpaWebConfiguration : spring.jpa.open-in-view is enabled by default. Therefore, database queries may be performed during view rendering. Explicitly configure spring.jpa.open-in-view to disable this warning
2024-06-14T01:03:04.057+07:00  INFO 20900 --- [restartedMain] o.s.s.web.DefaultSecurityFilterChain     : Will secure any request with [org.springframework.security.web.session.DisableEncodeUrlFilter@597f2165, org.springframework.security.web.context.request.async.WebAsyncManagerIntegrationFilter@565bbbb5, org.springframework.security.web.context.SecurityContextHolderFilter@7f6710f, org.springframework.security.web.header.HeaderWriterFilter@4fe14906, org.springframework.web.filter.CorsFilter@72d69539, org.springframework.security.web.authentication.logout.LogoutFilter@1daafc3a, com.example.web_bookstore_be.service.JWT.JwtFilter@7b8a778e, org.springframework.security.web.authentication.www.BasicAuthenticationFilter@137e541c, org.springframework.security.web.savedrequest.RequestCacheAwareFilter@254b644e, org.springframework.security.web.servletapi.SecurityContextHolderAwareRequestFilter@6027b098, org.springframework.security.web.authentication.AnonymousAuthenticationFilter@1369e1cb, org.springframework.security.web.session.SessionManagementFilter@146bacb0, org.springframework.security.web.access.ExceptionTranslationFilter@738a32a5, org.springframework.security.web.access.intercept.AuthorizationFilter@3ec35d4a]
2024-06-14T01:03:04.145+07:00  INFO 20900 --- [restartedMain] o.s.b.d.a.OptionalLiveReloadServer       : LiveReload server is running on port 35729
2024-06-14T01:03:04.161+07:00  INFO 20900 --- [restartedMain] o.s.b.w.embedded.tomcat.TomcatWebServer  : Tomcat started on port(s): 8080 (http) with context path '/bookstore'
2024-06-14T01:03:04.167+07:00  INFO 20900 --- [restartedMain] c.e.w.WebBookStoreBeApplication          : Started WebBookStoreBeApplication in 2.273 seconds (process running for 4195.499)
2024-06-14T01:03:04.170+07:00  INFO 20900 --- [restartedMain] .ConditionEvaluationDeltaLoggingListener : Condition evaluation unchanged
